e:\code\qt\maze\maze\debug\vc120.pdb
e:\code\qt\maze\maze\debug\openglwidget.obj
e:\code\qt\maze\maze\debug\maze_map.obj
e:\code\qt\maze\maze\debug\maze.obj
e:\code\qt\maze\maze\debug\main.obj
e:\code\qt\maze\maze\debug\moc_openglwidget.obj
e:\code\qt\maze\maze\debug\moc_maze.obj
e:\code\qt\maze\maze\debug\qrc_maze.obj
e:\code\qt\maze\maze\generatedfiles\debug\moc_maze.cpp
e:\code\qt\maze\maze\generatedfiles\ui_maze.h
e:\code\qt\maze\maze\generatedfiles\debug\moc_openglwidget.cpp
e:\code\qt\maze\maze\generatedfiles\qrc_maze.cpp
e:\code\qt\maze\win32\debug\maze.ilk
e:\code\qt\maze\win32\debug\maze.exe
e:\code\qt\maze\win32\debug\maze.pdb
d:\graduated2\圖導\course_2018\projects\maze\maze\maze\debug\main.obj
d:\graduated2\圖導\course_2018\projects\maze\maze\maze\debug\maze.obj
d:\graduated2\圖導\course_2018\projects\maze\maze\maze\debug\maze_map.obj
d:\graduated2\圖導\course_2018\projects\maze\maze\maze\debug\moc_maze.obj
d:\graduated2\圖導\course_2018\projects\maze\maze\maze\debug\moc_openglwidget.obj
d:\graduated2\圖導\course_2018\projects\maze\maze\maze\debug\openglwidget.obj
d:\graduated2\圖導\course_2018\projects\maze\maze\maze\debug\qrc_maze.obj
d:\graduated2\圖導\course_2018\projects\maze\maze\maze\debug\vc120.pdb
d:\graduated2\圖導\course_2018\projects\maze\maze\maze\debug\maze.tlog\cl.command.1.tlog
d:\graduated2\圖導\course_2018\projects\maze\maze\maze\debug\maze.tlog\cl.read.1.tlog
d:\graduated2\圖導\course_2018\projects\maze\maze\maze\debug\maze.tlog\cl.write.1.tlog
d:\graduated2\圖導\course_2018\projects\maze\maze\maze\debug\maze.tlog\custombuild.command.1.tlog
d:\graduated2\圖導\course_2018\projects\maze\maze\maze\debug\maze.tlog\custombuild.read.1.tlog
d:\graduated2\圖導\course_2018\projects\maze\maze\maze\debug\maze.tlog\custombuild.write.1.tlog
d:\graduated2\圖導\course_2018\projects\maze\maze\maze\debug\maze.tlog\link.command.1.tlog
d:\graduated2\圖導\course_2018\projects\maze\maze\maze\debug\maze.tlog\link.read.1.tlog
d:\graduated2\圖導\course_2018\projects\maze\maze\maze\debug\maze.tlog\link.write.1.tlog
