c:\users\hongwen\desktop\maze\maze\x64\release\vertex.obj
c:\users\hongwen\desktop\maze\maze\x64\release\openglwidget.obj
c:\users\hongwen\desktop\maze\maze\x64\release\mazewidget.obj
c:\users\hongwen\desktop\maze\maze\x64\release\maze.obj
c:\users\hongwen\desktop\maze\maze\x64\release\main.obj
c:\users\hongwen\desktop\maze\maze\x64\release\lineseg.obj
c:\users\hongwen\desktop\maze\maze\x64\release\moc_openglwidget.obj
c:\users\hongwen\desktop\maze\maze\x64\release\moc_mazewidget.obj
c:\users\hongwen\desktop\maze\maze\x64\release\edge.obj
c:\users\hongwen\desktop\maze\maze\x64\release\cell.obj
c:\users\hongwen\desktop\maze\maze\x64\release\qrc_maze.obj
c:\users\hongwen\desktop\maze\maze\generatedfiles\release\moc_mazewidget.cpp
c:\users\hongwen\desktop\maze\maze\generatedfiles\ui_maze.h
c:\users\hongwen\desktop\maze\maze\generatedfiles\release\moc_openglwidget.cpp
c:\users\hongwen\desktop\maze\maze\generatedfiles\qrc_maze.cpp
c:\users\hongwen\desktop\maze\x64\release\maze.exe
c:\users\hongwen\desktop\maze\maze\x64\release\maze.tlog\cl.command.1.tlog
c:\users\hongwen\desktop\maze\maze\x64\release\maze.tlog\cl.read.1.tlog
c:\users\hongwen\desktop\maze\maze\x64\release\maze.tlog\cl.write.1.tlog
c:\users\hongwen\desktop\maze\maze\x64\release\maze.tlog\custombuild.command.1.tlog
c:\users\hongwen\desktop\maze\maze\x64\release\maze.tlog\custombuild.read.1.tlog
c:\users\hongwen\desktop\maze\maze\x64\release\maze.tlog\custombuild.write.1.tlog
c:\users\hongwen\desktop\maze\maze\x64\release\maze.tlog\link.command.1.tlog
c:\users\hongwen\desktop\maze\maze\x64\release\maze.tlog\link.read.1.tlog
c:\users\hongwen\desktop\maze\maze\x64\release\maze.tlog\link.write.1.tlog
