d:\main\ntust\cg_project2\maze\maze\x64\debug\vc141.pdb
d:\main\ntust\cg_project2\maze\maze\x64\debug\vertex.obj
d:\main\ntust\cg_project2\maze\maze\x64\debug\openglwidget.obj
d:\main\ntust\cg_project2\maze\maze\x64\debug\mazewidget.obj
d:\main\ntust\cg_project2\maze\maze\x64\debug\maze.obj
d:\main\ntust\cg_project2\maze\maze\x64\debug\main.obj
d:\main\ntust\cg_project2\maze\maze\x64\debug\lineseg.obj
d:\main\ntust\cg_project2\maze\maze\x64\debug\moc_openglwidget.obj
d:\main\ntust\cg_project2\maze\maze\x64\debug\moc_mazewidget.obj
d:\main\ntust\cg_project2\maze\maze\x64\debug\edge.obj
d:\main\ntust\cg_project2\maze\maze\x64\debug\cell.obj
d:\main\ntust\cg_project2\maze\maze\x64\debug\qrc_maze.obj
d:\main\ntust\cg_project2\maze\maze\generatedfiles\debug\moc_mazewidget.cpp
d:\main\ntust\cg_project2\maze\maze\generatedfiles\ui_maze.h
d:\main\ntust\cg_project2\maze\maze\generatedfiles\qrc_maze.cpp
d:\main\ntust\cg_project2\maze\maze\generatedfiles\debug\moc_openglwidget.cpp
d:\main\ntust\cg_project2\maze\x64\debug\maze.exe
d:\main\ntust\cg_project2\maze\x64\debug\maze.ilk
d:\main\ntust\cg_project2\maze\x64\debug\maze.pdb
d:\main\ntust\cg_project2\maze\maze\x64\debug\maze.tlog\cl.command.1.tlog
d:\main\ntust\cg_project2\maze\maze\x64\debug\maze.tlog\cl.read.1.tlog
d:\main\ntust\cg_project2\maze\maze\x64\debug\maze.tlog\cl.write.1.tlog
d:\main\ntust\cg_project2\maze\maze\x64\debug\maze.tlog\custombuild.command.1.tlog
d:\main\ntust\cg_project2\maze\maze\x64\debug\maze.tlog\custombuild.read.1.tlog
d:\main\ntust\cg_project2\maze\maze\x64\debug\maze.tlog\custombuild.write.1.tlog
d:\main\ntust\cg_project2\maze\maze\x64\debug\maze.tlog\link.command.1.tlog
d:\main\ntust\cg_project2\maze\maze\x64\debug\maze.tlog\link.read.1.tlog
d:\main\ntust\cg_project2\maze\maze\x64\debug\maze.tlog\link.write.1.tlog
